# JRE version: OpenJDK Runtime Environment (11.0.15) (build 11.0.15+0-b2043.56-9505619)
# Java VM: OpenJDK 64-Bit Server VM (11.0.15+0-b2043.56-9505619, mixed mode, tiered, compressed oops, g1 gc, windows-amd64)
Heap:
 garbage-first heap   total 324608K, used 242309K [0x0000000080000000, 0x0000000100000000)
  region size 1024K, 2 young (2048K), 2 survivors (2048K)
 Metaspace       used 143046K, capacity 147849K, committed 148176K, reserved 645120K
  class space    used 18109K, capacity 19941K, committed 20044K, reserved 516096K
GC Heap History (20 events):
Event: 95.308 GC heap after
{Heap after GC invocations=147 (full 0):
 garbage-first heap   total 270336K, used 246947K [0x0000000080000000, 0x0000000100000000)
  region size 1024K, 2 young (2048K), 2 survivors (2048K)
 Metaspace       used 141105K, capacity 145917K, committed 146128K, reserved 643072K
  class space    used 17889K, capacity 19717K, committed 19788K, reserved 516096K
}
Event: 95.388 GC heap before
{Heap before GC invocations=147 (full 0):
 garbage-first heap   total 270336K, used 257187K [0x0000000080000000, 0x0000000100000000)
  region size 1024K, 13 young (13312K), 2 survivors (2048K)
 Metaspace       used 141201K, capacity 145990K, committed 146128K, reserved 643072K
  class space    used 17899K, capacity 19720K, committed 19788K, reserved 516096K
}
Event: 95.397 GC heap after
{Heap after GC invocations=148 (full 0):
 garbage-first heap   total 270336K, used 244781K [0x0000000080000000, 0x0000000100000000)
  region size 1024K, 2 young (2048K), 2 survivors (2048K)
 Metaspace       used 141201K, capacity 145990K, committed 146128K, reserved 643072K
  class space    used 17899K, capacity 19720K, committed 19788K, reserved 516096K
}
Event: 95.747 GC heap before
{Heap before GC invocations=148 (full 0):
 garbage-first heap   total 270336K, used 256045K [0x0000000080000000, 0x0000000100000000)
  region size 1024K, 13 young (13312K), 2 survivors (2048K)
 Metaspace       used 141538K, capacity 146248K, committed 146384K, reserved 643072K
  class space    used 17941K, capacity 19737K, committed 19788K, reserved 516096K
}
Event: 95.754 GC heap after
{Heap after GC invocations=149 (full 0):
 garbage-first heap   total 270336K, used 246317K [0x0000000080000000, 0x0000000100000000)
  region size 1024K, 2 young (2048K), 2 survivors (2048K)
 Metaspace       used 141538K, capacity 146248K, committed 146384K, reserved 643072K
  class space    used 17941K, capacity 19737K, committed 19788K, reserved 516096K
}
Event: 96.049 GC heap before
{Heap before GC invocations=149 (full 0):
 garbage-first heap   total 270336K, used 257581K [0x0000000080000000, 0x0000000100000000)
  region size 1024K, 13 young (13312K), 2 survivors (2048K)
 Metaspace       used 141930K, capacity 146638K, committed 146768K, reserved 643072K
  class space    used 17999K, capacity 19802K, committed 19916K, reserved 516096K
}
Event: 96.052 GC heap after
{Heap after GC invocations=150 (full 0):
 garbage-first heap   total 270336K, used 247644K [0x0000000080000000, 0x0000000100000000)
  region size 1024K, 2 young (2048K), 2 survivors (2048K)
 Metaspace       used 141930K, capacity 146638K, committed 146768K, reserved 643072K
  class space    used 17999K, capacity 19802K, committed 19916K, reserved 516096K
}
Event: 96.266 GC heap before
{Heap before GC invocations=150 (full 0):
 garbage-first heap   total 270336K, used 257884K [0x0000000080000000, 0x0000000100000000)
  region size 1024K, 13 young (13312K), 2 survivors (2048K)
 Metaspace       used 142176K, capacity 146904K, committed 147024K, reserved 645120K
  class space    used 18020K, capacity 19846K, committed 19916K, reserved 516096K
}
Event: 96.270 GC heap after
{Heap after GC invocations=151 (full 0):
 garbage-first heap   total 270336K, used 249408K [0x0000000080000000, 0x0000000100000000)
  region size 1024K, 2 young (2048K), 2 survivors (2048K)
 Metaspace       used 142176K, capacity 146904K, committed 147024K, reserved 645120K
  class space    used 18020K, capacity 19846K, committed 19916K, reserved 516096K
}
Event: 96.532 GC heap before
{Heap before GC invocations=151 (full 0):
 garbage-first heap   total 270336K, used 259648K [0x0000000080000000, 0x0000000100000000)
  region size 1024K, 13 young (13312K), 2 survivors (2048K)
 Metaspace       used 142524K, capacity 147257K, committed 147536K, reserved 645120K
  class space    used 18070K, capacity 19878K, committed 19916K, reserved 516096K
}
Event: 96.536 GC heap after
{Heap after GC invocations=152 (full 0):
 garbage-first heap   total 270336K, used 251064K [0x0000000080000000, 0x0000000100000000)
  region size 1024K, 2 young (2048K), 2 survivors (2048K)
 Metaspace       used 142524K, capacity 147257K, committed 147536K, reserved 645120K
  class space    used 18070K, capacity 19878K, committed 19916K, reserved 516096K
}
Event: 97.096 GC heap before
{Heap before GC invocations=153 (full 0):
 garbage-first heap   total 270336K, used 262328K [0x0000000080000000, 0x0000000100000000)
  region size 1024K, 13 young (13312K), 2 survivors (2048K)
 Metaspace       used 142736K, capacity 147511K, committed 147664K, reserved 645120K
  class space    used 18098K, capacity 19937K, committed 20044K, reserved 516096K
}
Event: 97.101 GC heap after
{Heap after GC invocations=154 (full 0):
 garbage-first heap   total 270336K, used 252630K [0x0000000080000000, 0x0000000100000000)
  region size 1024K, 2 young (2048K), 2 survivors (2048K)
 Metaspace       used 142736K, capacity 147511K, committed 147664K, reserved 645120K
  class space    used 18098K, capacity 19937K, committed 20044K, reserved 516096K
}
Event: 97.239 GC heap before
{Heap before GC invocations=154 (full 0):
 garbage-first heap   total 270336K, used 262870K [0x0000000080000000, 0x0000000100000000)
  region size 1024K, 13 young (13312K), 2 survivors (2048K)
 Metaspace       used 142771K, capacity 147517K, committed 147664K, reserved 645120K
  class space    used 18099K, capacity 19939K, committed 20044K, reserved 516096K
}
Event: 97.286 GC heap after
{Heap after GC invocations=155 (full 0):
 garbage-first heap   total 270336K, used 241007K [0x0000000080000000, 0x0000000100000000)
  region size 1024K, 1 young (1024K), 1 survivors (1024K)
 Metaspace       used 142771K, capacity 147517K, committed 147664K, reserved 645120K
  class space    used 18099K, capacity 19939K, committed 20044K, reserved 516096K
}
Event: 97.337 GC heap before
{Heap before GC invocations=155 (full 0):
 garbage-first heap   total 270336K, used 253295K [0x0000000080000000, 0x0000000100000000)
  region size 1024K, 13 young (13312K), 1 survivors (1024K)
 Metaspace       used 142796K, capacity 147518K, committed 147664K, reserved 645120K
  class space    used 18099K, capacity 19939K, committed 20044K, reserved 516096K
}
Event: 97.339 GC heap after
{Heap after GC invocations=156 (full 0):
 garbage-first heap   total 270336K, used 240897K [0x0000000080000000, 0x0000000100000000)
  region size 1024K, 1 young (1024K), 1 survivors (1024K)
 Metaspace       used 142796K, capacity 147518K, committed 147664K, reserved 645120K
  class space    used 18099K, capacity 19939K, committed 20044K, reserved 516096K
}
Event: 97.436 GC heap before
{Heap before GC invocations=156 (full 0):
 garbage-first heap   total 270336K, used 253185K [0x0000000080000000, 0x0000000100000000)
  region size 1024K, 13 young (13312K), 1 survivors (1024K)
 Metaspace       used 142833K, capacity 147582K, committed 147920K, reserved 645120K
  class space    used 18103K, capacity 19939K, committed 20044K, reserved 516096K
}
Event: 97.437 GC heap after
{Heap after GC invocations=157 (full 0):
 garbage-first heap   total 270336K, used 240785K [0x0000000080000000, 0x0000000100000000)
  region size 1024K, 1 young (1024K), 1 survivors (1024K)
 Metaspace       used 142833K, capacity 147582K, committed 147920K, reserved 645120K
  class space    used 18103K, capacity 19939K, committed 20044K, reserved 516096K
}
Event: 97.820 GC heap before
{Heap before GC invocations=157 (full 0):
 garbage-first heap   total 270336K, used 253073K [0x0000000080000000, 0x0000000100000000)
  region size 1024K, 13 young (13312K), 1 survivors (1024K)
 Metaspace       used 143046K, capacity 147849K, committed 148176K, reserved 645120K
  class space    used 18109K, capacity 19941K, committed 20044K, reserved 516096K
}

