# JRE version: OpenJDK Runtime Environment (11.0.15) (build 11.0.15+0-b2043.56-9505619)
# Java VM: OpenJDK 64-Bit Server VM (11.0.15+0-b2043.56-9505619, mixed mode, tiered, compressed oops, g1 gc, windows-amd64)
Heap:
 garbage-first heap   total 155648K, used 55876K [0x0000000080000000, 0x0000000100000000)
  region size 1024K, 14 young (14336K), 5 survivors (5120K)
 Metaspace       used 64969K, capacity 66749K, committed 66896K, reserved 575488K
  class space    used 8413K, capacity 9154K, committed 9216K, reserved 516096K
GC Heap History (20 events):
Event: 5.186 GC heap before
{Heap before GC invocations=3 (full 0):
 garbage-first heap   total 129024K, used 43161K [0x0000000080000000, 0x0000000100000000)
  region size 1024K, 34 young (34816K), 7 survivors (7168K)
 Metaspace       used 20813K, capacity 21193K, committed 21296K, reserved 536576K
  class space    used 2519K, capacity 2683K, committed 2688K, reserved 516096K
}
Event: 5.196 GC heap after
{Heap after GC invocations=4 (full 0):
 garbage-first heap   total 129024K, used 17298K [0x0000000080000000, 0x0000000100000000)
  region size 1024K, 1 young (1024K), 1 survivors (1024K)
 Metaspace       used 20813K, capacity 21193K, committed 21296K, reserved 536576K
  class space    used 2519K, capacity 2683K, committed 2688K, reserved 516096K
}
Event: 6.120 GC heap before
{Heap before GC invocations=5 (full 0):
 garbage-first heap   total 129024K, used 67474K [0x0000000080000000, 0x0000000100000000)
  region size 1024K, 51 young (52224K), 1 survivors (1024K)
 Metaspace       used 26081K, capacity 26704K, committed 26928K, reserved 540672K
  class space    used 3380K, capacity 3614K, committed 3712K, reserved 516096K
}
Event: 6.125 GC heap after
{Heap after GC invocations=6 (full 0):
 garbage-first heap   total 129024K, used 19083K [0x0000000080000000, 0x0000000100000000)
  region size 1024K, 3 young (3072K), 3 survivors (3072K)
 Metaspace       used 26081K, capacity 26704K, committed 26928K, reserved 540672K
  class space    used 3380K, capacity 3614K, committed 3712K, reserved 516096K
}
Event: 7.062 GC heap before
{Heap before GC invocations=6 (full 0):
 garbage-first heap   total 129024K, used 73355K [0x0000000080000000, 0x0000000100000000)
  region size 1024K, 56 young (57344K), 3 survivors (3072K)
 Metaspace       used 30921K, capacity 31657K, committed 31792K, reserved 544768K
  class space    used 4121K, capacity 4420K, committed 4480K, reserved 516096K
}
Event: 7.067 GC heap after
{Heap after GC invocations=7 (full 0):
 garbage-first heap   total 129024K, used 20658K [0x0000000080000000, 0x0000000100000000)
  region size 1024K, 5 young (5120K), 5 survivors (5120K)
 Metaspace       used 30921K, capacity 31657K, committed 31792K, reserved 544768K
  class space    used 4121K, capacity 4420K, committed 4480K, reserved 516096K
}
Event: 7.741 GC heap before
{Heap before GC invocations=7 (full 0):
 garbage-first heap   total 129024K, used 39090K [0x0000000080000000, 0x0000000100000000)
  region size 1024K, 24 young (24576K), 5 survivors (5120K)
 Metaspace       used 34841K, capacity 35736K, committed 35888K, reserved 548864K
  class space    used 4546K, capacity 4885K, committed 4992K, reserved 516096K
}
Event: 7.751 GC heap after
{Heap after GC invocations=8 (full 0):
 garbage-first heap   total 129024K, used 22601K [0x0000000080000000, 0x0000000100000000)
  region size 1024K, 6 young (6144K), 6 survivors (6144K)
 Metaspace       used 34841K, capacity 35736K, committed 35888K, reserved 548864K
  class space    used 4546K, capacity 4885K, committed 4992K, reserved 516096K
}
Event: 9.053 GC heap before
{Heap before GC invocations=9 (full 0):
 garbage-first heap   total 129024K, used 83017K [0x0000000080000000, 0x0000000100000000)
  region size 1024K, 63 young (64512K), 6 survivors (6144K)
 Metaspace       used 40985K, capacity 41935K, committed 42160K, reserved 552960K
  class space    used 5184K, capacity 5559K, committed 5632K, reserved 516096K
}
Event: 9.065 GC heap after
{Heap after GC invocations=10 (full 0):
 garbage-first heap   total 129024K, used 28120K [0x0000000080000000, 0x0000000100000000)
  region size 1024K, 8 young (8192K), 8 survivors (8192K)
 Metaspace       used 40985K, capacity 41935K, committed 42160K, reserved 552960K
  class space    used 5184K, capacity 5559K, committed 5632K, reserved 516096K
}
Event: 32.512 GC heap before
{Heap before GC invocations=10 (full 0):
 garbage-first heap   total 129024K, used 87512K [0x0000000080000000, 0x0000000100000000)
  region size 1024K, 66 young (67584K), 8 survivors (8192K)
 Metaspace       used 44204K, capacity 45377K, committed 45488K, reserved 557056K
  class space    used 5567K, capacity 6038K, committed 6144K, reserved 516096K
}
Event: 32.531 GC heap after
{Heap after GC invocations=11 (full 0):
 garbage-first heap   total 155648K, used 31896K [0x0000000080000000, 0x0000000100000000)
  region size 1024K, 4 young (4096K), 4 survivors (4096K)
 Metaspace       used 44204K, capacity 45377K, committed 45488K, reserved 557056K
  class space    used 5567K, capacity 6038K, committed 6144K, reserved 516096K
}
Event: 36.755 GC heap before
{Heap before GC invocations=11 (full 0):
 garbage-first heap   total 155648K, used 98456K [0x0000000080000000, 0x0000000100000000)
  region size 1024K, 69 young (70656K), 4 survivors (4096K)
 Metaspace       used 49192K, capacity 50533K, committed 50608K, reserved 561152K
  class space    used 6342K, capacity 6891K, committed 6912K, reserved 516096K
}
Event: 36.764 GC heap after
{Heap after GC invocations=12 (full 0):
 garbage-first heap   total 155648K, used 34067K [0x0000000080000000, 0x0000000100000000)
  region size 1024K, 6 young (6144K), 6 survivors (6144K)
 Metaspace       used 49192K, capacity 50533K, committed 50608K, reserved 561152K
  class space    used 6342K, capacity 6891K, committed 6912K, reserved 516096K
}
Event: 47.047 GC heap before
{Heap before GC invocations=12 (full 0):
 garbage-first heap   total 155648K, used 105747K [0x0000000080000000, 0x0000000100000000)
  region size 1024K, 75 young (76800K), 6 survivors (6144K)
 Metaspace       used 57727K, capacity 59265K, committed 59440K, reserved 569344K
  class space    used 7400K, capacity 8043K, committed 8064K, reserved 516096K
}
Event: 47.061 GC heap after
{Heap after GC invocations=13 (full 0):
 garbage-first heap   total 155648K, used 39520K [0x0000000080000000, 0x0000000100000000)
  region size 1024K, 7 young (7168K), 7 survivors (7168K)
 Metaspace       used 57727K, capacity 59265K, committed 59440K, reserved 569344K
  class space    used 7400K, capacity 8043K, committed 8064K, reserved 516096K
}
Event: 47.649 GC heap before
{Heap before GC invocations=13 (full 0):
 garbage-first heap   total 155648K, used 53856K [0x0000000080000000, 0x0000000100000000)
  region size 1024K, 19 young (19456K), 7 survivors (7168K)
 Metaspace       used 58636K, capacity 60138K, committed 60240K, reserved 569344K
  class space    used 7507K, capacity 8163K, committed 8192K, reserved 516096K
}
Event: 47.666 GC heap after
{Heap after GC invocations=14 (full 0):
 garbage-first heap   total 155648K, used 45137K [0x0000000080000000, 0x0000000100000000)
  region size 1024K, 7 young (7168K), 7 survivors (7168K)
 Metaspace       used 58636K, capacity 60138K, committed 60240K, reserved 569344K
  class space    used 7507K, capacity 8163K, committed 8192K, reserved 516096K
}
Event: 50.041 GC heap before
{Heap before GC invocations=15 (full 0):
 garbage-first heap   total 155648K, used 96337K [0x0000000080000000, 0x0000000100000000)
  region size 1024K, 57 young (58368K), 7 survivors (7168K)
 Metaspace       used 64289K, capacity 66012K, committed 66256K, reserved 573440K
  class space    used 8318K, capacity 9015K, committed 9088K, reserved 516096K
}
Event: 50.058 GC heap after
{Heap after GC invocations=16 (full 0):
 garbage-first heap   total 155648K, used 47684K [0x0000000080000000, 0x0000000100000000)
  region size 1024K, 5 young (5120K), 5 survivors (5120K)
 Metaspace       used 64289K, capacity 66012K, committed 66256K, reserved 573440K
  class space    used 8318K, capacity 9015K, committed 9088K, reserved 516096K
}

